2024-12-17 15:03:54 - selenium.webdriver.common.selenium_manager - DEBUG - Selenium Manager binary found at: C:\Users\raul.perez\AppData\Local\Packages\PythonSoftwareFoundation.Python.3.11_qbz5n2kfra8p0\LocalCache\local-packages\Python311\site-packages\selenium\webdriver\common\windows\selenium-manager.exe
2024-12-17 15:03:54 - selenium.webdriver.common.selenium_manager - DEBUG - Executing process: C:\Users\raul.perez\AppData\Local\Packages\PythonSoftwareFoundation.Python.3.11_qbz5n2kfra8p0\LocalCache\local-packages\Python311\site-packages\selenium\webdriver\common\windows\selenium-manager.exe --browser chrome --debug --language-binding python --output json
2024-12-17 15:03:55 - selenium.webdriver.common.selenium_manager - DEBUG - chromedriver not found in PATH
2024-12-17 15:03:55 - selenium.webdriver.common.selenium_manager - DEBUG - chrome detected at C:\Program Files\Google\Chrome\Application\chrome.exe
2024-12-17 15:03:55 - selenium.webdriver.common.selenium_manager - DEBUG - Running command: wmic datafile where name='C:\\Program Files\\Google\\Chrome\\Application\\chrome.exe' get Version /value
2024-12-17 15:03:55 - selenium.webdriver.common.selenium_manager - DEBUG - Output: "\r\r\n\r\r\nVersion=131.0.6778.140\r\r\n\r\r\n\r\r\n\r"
2024-12-17 15:03:55 - selenium.webdriver.common.selenium_manager - DEBUG - Detected browser: chrome 131.0.6778.140
2024-12-17 15:03:55 - selenium.webdriver.common.selenium_manager - DEBUG - Required driver: chromedriver 131.0.6778.108
2024-12-17 15:03:55 - selenium.webdriver.common.selenium_manager - DEBUG - chromedriver 131.0.6778.108 already in the cache
2024-12-17 15:03:55 - selenium.webdriver.common.selenium_manager - DEBUG - Driver path: C:\Users\raul.perez\.cache\selenium\chromedriver\win64\131.0.6778.108\chromedriver.exe
2024-12-17 15:03:55 - selenium.webdriver.common.selenium_manager - DEBUG - Browser path: C:\Program Files\Google\Chrome\Application\chrome.exe
2024-12-17 15:03:55 - selenium.webdriver.common.service - DEBUG - Started executable: `C:\Users\raul.perez\.cache\selenium\chromedriver\win64\131.0.6778.108\chromedriver.exe` in a child process with pid: 1508 using 0 to output -3
2024-12-17 15:03:55 - selenium.webdriver.remote.remote_connection - DEBUG - POST http://localhost:58248/session {'capabilities': {'firstMatch': [{}], 'alwaysMatch': {'browserName': 'chrome', 'pageLoadStrategy': <PageLoadStrategy.normal: 'normal'>, 'browserVersion': None, 'goog:chromeOptions': {'extensions': [], 'binary': 'C:\\Program Files\\Google\\Chrome\\Application\\chrome.exe', 'args': []}}}}
2024-12-17 15:03:55 - urllib3.connectionpool - DEBUG - Starting new HTTP connection (1): localhost:58248
2024-12-17 15:03:56 - urllib3.connectionpool - DEBUG - http://localhost:58248 "POST /session HTTP/11" 200 0
2024-12-17 15:03:56 - selenium.webdriver.remote.remote_connection - DEBUG - Remote response: status=200 | data={"value":{"capabilities":{"acceptInsecureCerts":false,"browserName":"chrome","browserVersion":"131.0.6778.140","chrome":{"chromedriverVersion":"131.0.6778.108 (3b014839fbc4fb688b2f5af512d6ce312ad208b1-refs/branch-heads/6778@{#2393})","userDataDir":"C:\\Users\\RAUL~1.PER\\AppData\\Local\\Temp\\scoped_dir1508_1247978748"},"fedcm:accounts":true,"goog:chromeOptions":{"debuggerAddress":"localhost:58252"},"networkConnectionEnabled":false,"pageLoadStrategy":"normal","platformName":"windows","proxy":{},"setWindowRect":true,"strictFileInteractability":false,"timeouts":{"implicit":0,"pageLoad":300000,"script":30000},"unhandledPromptBehavior":"dismiss and notify","webauthn:extension:credBlob":true,"webauthn:extension:largeBlob":true,"webauthn:extension:minPinLength":true,"webauthn:extension:prf":true,"webauthn:virtualAuthenticators":true},"sessionId":"7f4f9d16becbb8a6088e665c119c5dbd"}} | headers=HTTPHeaderDict({'Content-Length': '888', 'Content-Type': 'application/json; charset=utf-8', 'cache-control': 'no-cache'})
2024-12-17 15:03:56 - selenium.webdriver.remote.remote_connection - DEBUG - Finished Request
2024-12-17 15:03:56 - BrowserManager - INFO - Opening page: https://rahulshettyacademy.com/AutomationPractice/
2024-12-17 15:03:56 - selenium.webdriver.remote.remote_connection - DEBUG - POST http://localhost:58248/session/7f4f9d16becbb8a6088e665c119c5dbd/url {'url': 'https://rahulshettyacademy.com/AutomationPractice/'}
2024-12-17 15:04:05 - urllib3.connectionpool - DEBUG - http://localhost:58248 "POST /session/7f4f9d16becbb8a6088e665c119c5dbd/url HTTP/11" 200 0
2024-12-17 15:04:05 - selenium.webdriver.remote.remote_connection - DEBUG - Remote response: status=200 | data={"value":null} | headers=HTTPHeaderDict({'Content-Length': '14', 'Content-Type': 'application/json; charset=utf-8', 'cache-control': 'no-cache'})
2024-12-17 15:04:05 - selenium.webdriver.remote.remote_connection - DEBUG - Finished Request
2024-12-17 15:04:05 - selenium.webdriver.remote.remote_connection - DEBUG - POST http://localhost:58248/session/7f4f9d16becbb8a6088e665c119c5dbd/element {'using': 'css selector', 'value': '[id="mousehover"]'}
2024-12-17 15:04:05 - urllib3.connectionpool - DEBUG - http://localhost:58248 "POST /session/7f4f9d16becbb8a6088e665c119c5dbd/element HTTP/11" 200 0
2024-12-17 15:04:05 - selenium.webdriver.remote.remote_connection - DEBUG - Remote response: status=200 | data={"value":{"element-6066-11e4-a52e-4f735466cecf":"f.91E014CB7824D93F223B4F06F0B66B5E.d.DD8512E00815D3348BDDD2E8B041DABD.e.78"}} | headers=HTTPHeaderDict({'Content-Length': '126', 'Content-Type': 'application/json; charset=utf-8', 'cache-control': 'no-cache'})
2024-12-17 15:04:05 - selenium.webdriver.remote.remote_connection - DEBUG - Finished Request
2024-12-17 15:04:05 - selenium.webdriver.remote.remote_connection - DEBUG - POST http://localhost:58248/session/7f4f9d16becbb8a6088e665c119c5dbd/actions {'actions': [{'type': 'pointer', 'parameters': {'pointerType': 'mouse'}, 'id': 'mouse', 'actions': [{'type': 'pointerMove', 'duration': 250, 'x': 0, 'y': 0, 'origin': {'element-6066-11e4-a52e-4f735466cecf': 'f.91E014CB7824D93F223B4F06F0B66B5E.d.DD8512E00815D3348BDDD2E8B041DABD.e.78'}}]}, {'type': 'key', 'id': 'key', 'actions': [{'type': 'pause', 'duration': 0}]}]}
2024-12-17 15:04:05 - urllib3.connectionpool - DEBUG - http://localhost:58248 "POST /session/7f4f9d16becbb8a6088e665c119c5dbd/actions HTTP/11" 200 0
2024-12-17 15:04:05 - selenium.webdriver.remote.remote_connection - DEBUG - Remote response: status=200 | data={"value":null} | headers=HTTPHeaderDict({'Content-Length': '14', 'Content-Type': 'application/json; charset=utf-8', 'cache-control': 'no-cache'})
2024-12-17 15:04:05 - selenium.webdriver.remote.remote_connection - DEBUG - Finished Request
2024-12-17 15:04:05 - ResultManager - INFO - PASSED, Assert NOT RAISED exception- Check the execution of the method is correctly done by moving to 'mousehover'
2024-12-17 15:04:05 - selenium.webdriver.remote.remote_connection - DEBUG - POST http://localhost:58248/session/7f4f9d16becbb8a6088e665c119c5dbd/element {'using': 'css selector', 'value': '[id="Reload"]'}
2024-12-17 15:04:05 - urllib3.connectionpool - DEBUG - http://localhost:58248 "POST /session/7f4f9d16becbb8a6088e665c119c5dbd/element HTTP/11" 404 0
2024-12-17 15:04:05 - selenium.webdriver.remote.remote_connection - DEBUG - Remote response: status=404 | data={"value":{"error":"no such element","message":"no such element: Unable to locate element: {\"method\":\"css selector\",\"selector\":\"[id=\"Reload\"]\"}\n  (Session info: chrome=131.0.6778.140)","stacktrace":"\tGetHandleVerifier [0x00007FF643136CC5+28821]\n\t(No symbol) [0x00007FF6430A3850]\n\t(No symbol) [0x00007FF642F4578A]\n\t(No symbol) [0x00007FF642F991BE]\n\t(No symbol) [0x00007FF642F994AC]\n\t(No symbol) [0x00007FF642FE2647]\n\t(No symbol) [0x00007FF642FBF33F]\n\t(No symbol) [0x00007FF642FDF412]\n\t(No symbol) [0x00007FF642FBF0A3]\n\t(No symbol) [0x00007FF642F8A778]\n\t(No symbol) [0x00007FF642F8B8E1]\n\tGetHandleVerifier [0x00007FF64346FCCD+3408029]\n\tGetHandleVerifier [0x00007FF64348743F+3504143]\n\tGetHandleVerifier [0x00007FF64347B61D+3455469]\n\tGetHandleVerifier [0x00007FF6431FBDCB+835995]\n\t(No symbol) [0x00007FF6430AEB6F]\n\t(No symbol) [0x00007FF6430AA824]\n\t(No symbol) [0x00007FF6430AA9BD]\n\t(No symbol) [0x00007FF64309A1A9]\n\tBaseThreadInitThunk [0x00007FF884F77374+20]\n\tRtlUserThreadStart [0x00007FF8857BCC91+33]\n"}} | headers=HTTPHeaderDict({'Content-Length': '1056', 'Content-Type': 'application/json; charset=utf-8', 'cache-control': 'no-cache'})
2024-12-17 15:04:05 - selenium.webdriver.remote.remote_connection - DEBUG - Finished Request
2024-12-17 15:04:05 - selenium.webdriver.remote.remote_connection - DEBUG - POST http://localhost:58248/session/7f4f9d16becbb8a6088e665c119c5dbd/element {'using': 'xpath', 'value': 'Reload'}
2024-12-17 15:04:05 - urllib3.connectionpool - DEBUG - http://localhost:58248 "POST /session/7f4f9d16becbb8a6088e665c119c5dbd/element HTTP/11" 404 0
2024-12-17 15:04:05 - selenium.webdriver.remote.remote_connection - DEBUG - Remote response: status=404 | data={"value":{"error":"no such element","message":"no such element: Unable to locate element: {\"method\":\"xpath\",\"selector\":\"Reload\"}\n  (Session info: chrome=131.0.6778.140)","stacktrace":"\tGetHandleVerifier [0x00007FF643136CC5+28821]\n\t(No symbol) [0x00007FF6430A3850]\n\t(No symbol) [0x00007FF642F4578A]\n\t(No symbol) [0x00007FF642F991BE]\n\t(No symbol) [0x00007FF642F994AC]\n\t(No symbol) [0x00007FF642FE2647]\n\t(No symbol) [0x00007FF642FBF33F]\n\t(No symbol) [0x00007FF642FDF412]\n\t(No symbol) [0x00007FF642FBF0A3]\n\t(No symbol) [0x00007FF642F8A778]\n\t(No symbol) [0x00007FF642F8B8E1]\n\tGetHandleVerifier [0x00007FF64346FCCD+3408029]\n\tGetHandleVerifier [0x00007FF64348743F+3504143]\n\tGetHandleVerifier [0x00007FF64347B61D+3455469]\n\tGetHandleVerifier [0x00007FF6431FBDCB+835995]\n\t(No symbol) [0x00007FF6430AEB6F]\n\t(No symbol) [0x00007FF6430AA824]\n\t(No symbol) [0x00007FF6430AA9BD]\n\t(No symbol) [0x00007FF64309A1A9]\n\tBaseThreadInitThunk [0x00007FF884F77374+20]\n\tRtlUserThreadStart [0x00007FF8857BCC91+33]\n"}} | headers=HTTPHeaderDict({'Content-Length': '1040', 'Content-Type': 'application/json; charset=utf-8', 'cache-control': 'no-cache'})
2024-12-17 15:04:05 - selenium.webdriver.remote.remote_connection - DEBUG - Finished Request
2024-12-17 15:04:05 - selenium.webdriver.remote.remote_connection - DEBUG - POST http://localhost:58248/session/7f4f9d16becbb8a6088e665c119c5dbd/element {'using': 'link text', 'value': 'Reload'}
2024-12-17 15:04:05 - urllib3.connectionpool - DEBUG - http://localhost:58248 "POST /session/7f4f9d16becbb8a6088e665c119c5dbd/element HTTP/11" 200 0
2024-12-17 15:04:05 - selenium.webdriver.remote.remote_connection - DEBUG - Remote response: status=200 | data={"value":{"element-6066-11e4-a52e-4f735466cecf":"f.91E014CB7824D93F223B4F06F0B66B5E.d.DD8512E00815D3348BDDD2E8B041DABD.e.79"}} | headers=HTTPHeaderDict({'Content-Length': '126', 'Content-Type': 'application/json; charset=utf-8', 'cache-control': 'no-cache'})
2024-12-17 15:04:05 - selenium.webdriver.remote.remote_connection - DEBUG - Finished Request
2024-12-17 15:04:05 - selenium.webdriver.remote.remote_connection - DEBUG - POST http://localhost:58248/session/7f4f9d16becbb8a6088e665c119c5dbd/actions {'actions': [{'type': 'pointer', 'parameters': {'pointerType': 'mouse'}, 'id': 'mouse', 'actions': [{'type': 'pointerMove', 'duration': 250, 'x': 0, 'y': 0, 'origin': {'element-6066-11e4-a52e-4f735466cecf': 'f.91E014CB7824D93F223B4F06F0B66B5E.d.DD8512E00815D3348BDDD2E8B041DABD.e.79'}}]}, {'type': 'key', 'id': 'key', 'actions': [{'type': 'pause', 'duration': 0}]}]}
2024-12-17 15:04:06 - urllib3.connectionpool - DEBUG - http://localhost:58248 "POST /session/7f4f9d16becbb8a6088e665c119c5dbd/actions HTTP/11" 200 0
2024-12-17 15:04:06 - selenium.webdriver.remote.remote_connection - DEBUG - Remote response: status=200 | data={"value":null} | headers=HTTPHeaderDict({'Content-Length': '14', 'Content-Type': 'application/json; charset=utf-8', 'cache-control': 'no-cache'})
2024-12-17 15:04:06 - selenium.webdriver.remote.remote_connection - DEBUG - Finished Request
2024-12-17 15:04:06 - ResultManager - INFO - PASSED, Assert NOT RAISED exception- Check the execution of the method is correctly done by clicking on 'Reload'
2024-12-17 15:04:08 - selenium.webdriver.remote.remote_connection - DEBUG - POST http://localhost:58248/session/7f4f9d16becbb8a6088e665c119c5dbd/element {'using': 'css selector', 'value': '[id="mousehover"]'}
2024-12-17 15:04:08 - urllib3.connectionpool - DEBUG - http://localhost:58248 "POST /session/7f4f9d16becbb8a6088e665c119c5dbd/element HTTP/11" 200 0
2024-12-17 15:04:08 - selenium.webdriver.remote.remote_connection - DEBUG - Remote response: status=200 | data={"value":{"element-6066-11e4-a52e-4f735466cecf":"f.91E014CB7824D93F223B4F06F0B66B5E.d.DD8512E00815D3348BDDD2E8B041DABD.e.78"}} | headers=HTTPHeaderDict({'Content-Length': '126', 'Content-Type': 'application/json; charset=utf-8', 'cache-control': 'no-cache'})
2024-12-17 15:04:08 - selenium.webdriver.remote.remote_connection - DEBUG - Finished Request
2024-12-17 15:04:08 - selenium.webdriver.remote.remote_connection - DEBUG - POST http://localhost:58248/session/7f4f9d16becbb8a6088e665c119c5dbd/actions {'actions': [{'type': 'pointer', 'parameters': {'pointerType': 'mouse'}, 'id': 'mouse', 'actions': [{'type': 'pointerMove', 'duration': 250, 'x': 0, 'y': 0, 'origin': {'element-6066-11e4-a52e-4f735466cecf': 'f.91E014CB7824D93F223B4F06F0B66B5E.d.DD8512E00815D3348BDDD2E8B041DABD.e.78'}}]}, {'type': 'key', 'id': 'key', 'actions': [{'type': 'pause', 'duration': 0}]}]}
2024-12-17 15:04:08 - urllib3.connectionpool - DEBUG - http://localhost:58248 "POST /session/7f4f9d16becbb8a6088e665c119c5dbd/actions HTTP/11" 200 0
2024-12-17 15:04:08 - selenium.webdriver.remote.remote_connection - DEBUG - Remote response: status=200 | data={"value":null} | headers=HTTPHeaderDict({'Content-Length': '14', 'Content-Type': 'application/json; charset=utf-8', 'cache-control': 'no-cache'})
2024-12-17 15:04:08 - selenium.webdriver.remote.remote_connection - DEBUG - Finished Request
2024-12-17 15:04:08 - ResultManager - INFO - PASSED, Assert NOT RAISED exception- Check the execution of the method is correctly done by moving to 'mousehover'
2024-12-17 15:04:08 - selenium.webdriver.remote.remote_connection - DEBUG - POST http://localhost:58248/session/7f4f9d16becbb8a6088e665c119c5dbd/element {'using': 'css selector', 'value': '[id="Top"]'}
2024-12-17 15:04:08 - urllib3.connectionpool - DEBUG - http://localhost:58248 "POST /session/7f4f9d16becbb8a6088e665c119c5dbd/element HTTP/11" 404 0
2024-12-17 15:04:08 - selenium.webdriver.remote.remote_connection - DEBUG - Remote response: status=404 | data={"value":{"error":"no such element","message":"no such element: Unable to locate element: {\"method\":\"css selector\",\"selector\":\"[id=\"Top\"]\"}\n  (Session info: chrome=131.0.6778.140)","stacktrace":"\tGetHandleVerifier [0x00007FF643136CC5+28821]\n\t(No symbol) [0x00007FF6430A3850]\n\t(No symbol) [0x00007FF642F4578A]\n\t(No symbol) [0x00007FF642F991BE]\n\t(No symbol) [0x00007FF642F994AC]\n\t(No symbol) [0x00007FF642FE2647]\n\t(No symbol) [0x00007FF642FBF33F]\n\t(No symbol) [0x00007FF642FDF412]\n\t(No symbol) [0x00007FF642FBF0A3]\n\t(No symbol) [0x00007FF642F8A778]\n\t(No symbol) [0x00007FF642F8B8E1]\n\tGetHandleVerifier [0x00007FF64346FCCD+3408029]\n\tGetHandleVerifier [0x00007FF64348743F+3504143]\n\tGetHandleVerifier [0x00007FF64347B61D+3455469]\n\tGetHandleVerifier [0x00007FF6431FBDCB+835995]\n\t(No symbol) [0x00007FF6430AEB6F]\n\t(No symbol) [0x00007FF6430AA824]\n\t(No symbol) [0x00007FF6430AA9BD]\n\t(No symbol) [0x00007FF64309A1A9]\n\tBaseThreadInitThunk [0x00007FF884F77374+20]\n\tRtlUserThreadStart [0x00007FF8857BCC91+33]\n"}} | headers=HTTPHeaderDict({'Content-Length': '1053', 'Content-Type': 'application/json; charset=utf-8', 'cache-control': 'no-cache'})
2024-12-17 15:04:08 - selenium.webdriver.remote.remote_connection - DEBUG - Finished Request
2024-12-17 15:04:08 - selenium.webdriver.remote.remote_connection - DEBUG - POST http://localhost:58248/session/7f4f9d16becbb8a6088e665c119c5dbd/element {'using': 'xpath', 'value': 'Top'}
2024-12-17 15:04:08 - urllib3.connectionpool - DEBUG - http://localhost:58248 "POST /session/7f4f9d16becbb8a6088e665c119c5dbd/element HTTP/11" 404 0
2024-12-17 15:04:08 - selenium.webdriver.remote.remote_connection - DEBUG - Remote response: status=404 | data={"value":{"error":"no such element","message":"no such element: Unable to locate element: {\"method\":\"xpath\",\"selector\":\"Top\"}\n  (Session info: chrome=131.0.6778.140)","stacktrace":"\tGetHandleVerifier [0x00007FF643136CC5+28821]\n\t(No symbol) [0x00007FF6430A3850]\n\t(No symbol) [0x00007FF642F4578A]\n\t(No symbol) [0x00007FF642F991BE]\n\t(No symbol) [0x00007FF642F994AC]\n\t(No symbol) [0x00007FF642FE2647]\n\t(No symbol) [0x00007FF642FBF33F]\n\t(No symbol) [0x00007FF642FDF412]\n\t(No symbol) [0x00007FF642FBF0A3]\n\t(No symbol) [0x00007FF642F8A778]\n\t(No symbol) [0x00007FF642F8B8E1]\n\tGetHandleVerifier [0x00007FF64346FCCD+3408029]\n\tGetHandleVerifier [0x00007FF64348743F+3504143]\n\tGetHandleVerifier [0x00007FF64347B61D+3455469]\n\tGetHandleVerifier [0x00007FF6431FBDCB+835995]\n\t(No symbol) [0x00007FF6430AEB6F]\n\t(No symbol) [0x00007FF6430AA824]\n\t(No symbol) [0x00007FF6430AA9BD]\n\t(No symbol) [0x00007FF64309A1A9]\n\tBaseThreadInitThunk [0x00007FF884F77374+20]\n\tRtlUserThreadStart [0x00007FF8857BCC91+33]\n"}} | headers=HTTPHeaderDict({'Content-Length': '1037', 'Content-Type': 'application/json; charset=utf-8', 'cache-control': 'no-cache'})
2024-12-17 15:04:08 - selenium.webdriver.remote.remote_connection - DEBUG - Finished Request
2024-12-17 15:04:08 - selenium.webdriver.remote.remote_connection - DEBUG - POST http://localhost:58248/session/7f4f9d16becbb8a6088e665c119c5dbd/element {'using': 'link text', 'value': 'Top'}
2024-12-17 15:04:08 - urllib3.connectionpool - DEBUG - http://localhost:58248 "POST /session/7f4f9d16becbb8a6088e665c119c5dbd/element HTTP/11" 200 0
2024-12-17 15:04:08 - selenium.webdriver.remote.remote_connection - DEBUG - Remote response: status=200 | data={"value":{"element-6066-11e4-a52e-4f735466cecf":"f.91E014CB7824D93F223B4F06F0B66B5E.d.DD8512E00815D3348BDDD2E8B041DABD.e.81"}} | headers=HTTPHeaderDict({'Content-Length': '126', 'Content-Type': 'application/json; charset=utf-8', 'cache-control': 'no-cache'})
2024-12-17 15:04:08 - selenium.webdriver.remote.remote_connection - DEBUG - Finished Request
2024-12-17 15:04:08 - selenium.webdriver.remote.remote_connection - DEBUG - POST http://localhost:58248/session/7f4f9d16becbb8a6088e665c119c5dbd/actions {'actions': [{'type': 'pointer', 'parameters': {'pointerType': 'mouse'}, 'id': 'mouse', 'actions': [{'type': 'pointerMove', 'duration': 250, 'x': 0, 'y': 0, 'origin': {'element-6066-11e4-a52e-4f735466cecf': 'f.91E014CB7824D93F223B4F06F0B66B5E.d.DD8512E00815D3348BDDD2E8B041DABD.e.81'}}]}, {'type': 'key', 'id': 'key', 'actions': [{'type': 'pause', 'duration': 0}]}]}
2024-12-17 15:04:08 - urllib3.connectionpool - DEBUG - http://localhost:58248 "POST /session/7f4f9d16becbb8a6088e665c119c5dbd/actions HTTP/11" 200 0
2024-12-17 15:04:08 - selenium.webdriver.remote.remote_connection - DEBUG - Remote response: status=200 | data={"value":null} | headers=HTTPHeaderDict({'Content-Length': '14', 'Content-Type': 'application/json; charset=utf-8', 'cache-control': 'no-cache'})
2024-12-17 15:04:08 - selenium.webdriver.remote.remote_connection - DEBUG - Finished Request
2024-12-17 15:04:08 - ResultManager - INFO - PASSED, Assert NOT RAISED exception- Check the execution of the method is correctly done by clicking on 'Top'
